Loaded dependency [python3/3.7.14]: gcc/10.3.0-binutils-2.36.1
Loaded module: python3/3.7.14

Loading python3/3.7.14
  Loading requirement: gcc/10.3.0-binutils-2.36.1
Loaded module: cuda/10.2
Loaded module: cudnn/v8.3.2.44-prod-cuda-10.2
Loaded module: ffmpeg/4.2.2
2022-11-28 23:18:51.393166: I tensorflow/stream_executor/platform/default/dso_loader.cc:44] Successfully opened dynamic library libcuda.so.1
2022-11-28 23:18:51.393692: I tensorflow/core/common_runtime/gpu/gpu_device.cc:1561] Found device 0 with properties: 
pciBusID: 0000:58:00.0 name: Tesla V100-PCIE-32GB computeCapability: 7.0
coreClock: 1.38GHz coreCount: 80 deviceMemorySize: 31.75GiB deviceMemoryBandwidth: 836.37GiB/s
2022-11-28 23:18:51.395433: W tensorflow/stream_executor/platform/default/dso_loader.cc:55] Could not load dynamic library 'libcudart.so.10.1'; dlerror: libcudart.so.10.1: cannot open shared object file: No such file or directory; LD_LIBRARY_PATH: /appl/cudnn/v8.3.2.44-prod-cuda-10.2/lib:/appl/cuda/10.2/lib64:/appl/python/3.7.14/lib:/appl/gcc/10.3.0-binutils-2.36.1/lib64:/appl/gcc/10.3.0-binutils-2.36.1/lib:/lsf/10.1/linux3.10-glibc2.17-x86_64/lib
2022-11-28 23:18:51.395477: I tensorflow/stream_executor/platform/default/dso_loader.cc:44] Successfully opened dynamic library libcublas.so.10
2022-11-28 23:18:51.424357: I tensorflow/stream_executor/platform/default/dso_loader.cc:44] Successfully opened dynamic library libcufft.so.10
2022-11-28 23:18:51.431196: I tensorflow/stream_executor/platform/default/dso_loader.cc:44] Successfully opened dynamic library libcurand.so.10
2022-11-28 23:18:51.477183: I tensorflow/stream_executor/platform/default/dso_loader.cc:44] Successfully opened dynamic library libcusolver.so.10
2022-11-28 23:18:51.483344: I tensorflow/stream_executor/platform/default/dso_loader.cc:44] Successfully opened dynamic library libcusparse.so.10
2022-11-28 23:18:51.484099: W tensorflow/stream_executor/platform/default/dso_loader.cc:55] Could not load dynamic library 'libcudnn.so.7'; dlerror: libcudnn.so.7: cannot open shared object file: No such file or directory; LD_LIBRARY_PATH: /appl/cudnn/v8.3.2.44-prod-cuda-10.2/lib:/appl/cuda/10.2/lib64:/appl/python/3.7.14/lib:/appl/gcc/10.3.0-binutils-2.36.1/lib64:/appl/gcc/10.3.0-binutils-2.36.1/lib:/lsf/10.1/linux3.10-glibc2.17-x86_64/lib
2022-11-28 23:18:51.484111: W tensorflow/core/common_runtime/gpu/gpu_device.cc:1598] Cannot dlopen some GPU libraries. Please make sure the missing libraries mentioned above are installed properly if you would like to use GPU. Follow the guide at https://www.tensorflow.org/install/gpu for how to download and setup the required libraries for your platform.
Skipping registering GPU devices...
2022-11-28 23:18:51.484448: I tensorflow/core/platform/cpu_feature_guard.cc:143] Your CPU supports instructions that this TensorFlow binary was not compiled to use: AVX2 AVX512F FMA
2022-11-28 23:18:51.511165: I tensorflow/core/platform/profile_utils/cpu_utils.cc:102] CPU Frequency: 2800000000 Hz
2022-11-28 23:18:51.511273: I tensorflow/compiler/xla/service/service.cc:168] XLA service 0x98bb520 initialized for platform Host (this does not guarantee that XLA will be used). Devices:
2022-11-28 23:18:51.511283: I tensorflow/compiler/xla/service/service.cc:176]   StreamExecutor device (0): Host, Default Version
2022-11-28 23:18:51.512506: I tensorflow/core/common_runtime/gpu/gpu_device.cc:1102] Device interconnect StreamExecutor with strength 1 edge matrix:
2022-11-28 23:18:51.512519: I tensorflow/core/common_runtime/gpu/gpu_device.cc:1108]      
Traceback (most recent call last):
  File "/zhome/a2/4/155672/Desktop/DeepLearning/SparseVAE-Cell-Images/src/train-cvaec.py", line 38, in <module>
    reload_model=not args.do_not_resume)
  File "/zhome/a2/4/155672/Desktop/DeepLearning/SparseVAE-Cell-Images/src/models/base_model.py", line 222, in run_training
    sample = self.model.decode(sample).cpu()
  File "/zhome/a2/4/155672/.local/lib/python3.7/site-packages/torch/nn/modules/module.py", line 1208, in __getattr__
    type(self).__name__, name))
AttributeError: 'ClassifierModel' object has no attribute 'decode'
