Mon Nov 28 12:09:28 2022       
+-----------------------------------------------------------------------------+
| NVIDIA-SMI 520.61.05    Driver Version: 520.61.05    CUDA Version: 11.8     |
|-------------------------------+----------------------+----------------------+
| GPU  Name        Persistence-M| Bus-Id        Disp.A | Volatile Uncorr. ECC |
| Fan  Temp  Perf  Pwr:Usage/Cap|         Memory-Usage | GPU-Util  Compute M. |
|                               |                      |               MIG M. |
|===============================+======================+======================|
|   0  Tesla V100-PCIE...  On   | 00000000:D8:00.0 Off |                    0 |
| N/A   46C    P0    28W / 250W |      0MiB / 32768MiB |      0%   E. Process |
|                               |                      |                  N/A |
+-------------------------------+----------------------+----------------------+
                                                                               
+-----------------------------------------------------------------------------+
| Processes:                                                                  |
|  GPU   GI   CI        PID   Type   Process name                  GPU Memory |
|        ID   ID                                                   Usage      |
|=============================================================================|
|  No running processes found                                                 |
+-----------------------------------------------------------------------------+
VAE Baseline Experiments

Using cuda device...
Loading cell dataset...
Done!

Training VAE model from scratch...
Training VAE model...
Train Epoch: 1 [0/70668 (0%)]	Loss: 9709.289062
Train Epoch: 1 [3200/70668 (5%)]	Loss: 8738.556641
Train Epoch: 1 [6400/70668 (9%)]	Loss: 8653.013672
Train Epoch: 1 [9600/70668 (14%)]	Loss: 8760.195312
Train Epoch: 1 [12800/70668 (18%)]	Loss: 8586.787109
Train Epoch: 1 [16000/70668 (23%)]	Loss: 8765.514648
Train Epoch: 1 [19200/70668 (27%)]	Loss: 8211.192383
Train Epoch: 1 [22400/70668 (32%)]	Loss: 8492.026367
Train Epoch: 1 [25600/70668 (36%)]	Loss: 8455.580078
Train Epoch: 1 [28800/70668 (41%)]	Loss: 8405.771484
Train Epoch: 1 [32000/70668 (45%)]	Loss: 8491.134766
Train Epoch: 1 [35200/70668 (50%)]	Loss: 8495.690430
Train Epoch: 1 [38400/70668 (54%)]	Loss: 8326.721680
Train Epoch: 1 [41600/70668 (59%)]	Loss: 8585.592773
Train Epoch: 1 [44800/70668 (63%)]	Loss: 8760.729492
Train Epoch: 1 [48000/70668 (68%)]	Loss: 8395.155273
Train Epoch: 1 [51200/70668 (72%)]	Loss: 8657.564453
Train Epoch: 1 [54400/70668 (77%)]	Loss: 8439.906250
Train Epoch: 1 [57600/70668 (81%)]	Loss: 8493.602539
Train Epoch: 1 [60800/70668 (86%)]	Loss: 8786.462891
Train Epoch: 1 [64000/70668 (91%)]	Loss: 8410.208008
Train Epoch: 1 [67200/70668 (95%)]	Loss: 8251.145508
Train Epoch: 1 [70400/70668 (100%)]	Loss: 8848.423828
====> Epoch: 1 Average loss: 8532.8821
====> Test set loss: 8465.4486 - VLB-VAE : 270817.7104
