/bin/bash: trainer-convvsv.sh: command not found

------------------------------------------------------------
Sender: LSF System <lsfadmin@hpc.dtu.dk>
Subject: Job 14820627: <NONAME> in cluster <dcc> Exited

Job <NONAME> was submitted from host <n-62-20-9> by user <s204159> in cluster <dcc> at Mon Nov 21 16:01:06 2022
Job was executed on host(s) <n-62-31-21>, in queue <hpc>, as user <s204159> in cluster <dcc> at Mon Nov 21 16:01:07 2022
</zhome/a2/4/155672> was used as the home directory.
</zhome/a2/4/155672/Desktop/DeepLearning/SparseVAE-Cell-Images/src> was used as the working directory.
Started at Mon Nov 21 16:01:07 2022
Terminated at Mon Nov 21 16:01:07 2022
Results reported at Mon Nov 21 16:01:07 2022

Your job looked like:

------------------------------------------------------------
# LSBATCH: User input
trainer-convvsv.sh
------------------------------------------------------------

Exited with exit code 127.

Resource usage summary:

    CPU time :                                   0.28 sec.
    Max Memory :                                 -
    Average Memory :                             -
    Total Requested Memory :                     1024.00 MB
    Delta Memory :                               -
    Max Swap :                                   -
    Max Processes :                              -
    Max Threads :                                -
    Run time :                                   19 sec.
    Turnaround time :                            1 sec.

The output (if any) is above this job summary.

